[debug] [2022-05-05T19:00:03.977Z] ----------------------------------------------------------------------
[debug] [2022-05-05T19:00:03.980Z] Command:       C:\Program Files\nodejs\node.exe D:\Users\venkdi01\AppData\Roaming\npm\node_modules\firebase-tools\lib\bin\firebase.js deploy
[debug] [2022-05-05T19:00:03.980Z] CLI Version:   10.8.0
[debug] [2022-05-05T19:00:03.980Z] Platform:      win32
[debug] [2022-05-05T19:00:03.981Z] Node Version:  v12.18.2
[debug] [2022-05-05T19:00:03.983Z] Time:          Fri May 06 2022 00:30:03 GMT+0530 (India Standard Time)
[debug] [2022-05-05T19:00:03.983Z] ----------------------------------------------------------------------
[debug] 
[debug] [2022-05-05T19:00:04.082Z] > command requires scopes: ["email","openid","https://www.googleapis.com/auth/cloudplatformprojects.readonly","https://www.googleapis.com/auth/firebase","https://www.googleapis.com/auth/cloud-platform"]
[debug] [2022-05-05T19:00:04.082Z] > authorizing via signed-in user (karanfship@gmail.com)
[debug] [2022-05-05T19:00:04.082Z] [iam] checking project firebaseproject-335419 for permissions ["cloudfunctions.functions.create","cloudfunctions.functions.delete","cloudfunctions.functions.get","cloudfunctions.functions.list","cloudfunctions.functions.update","cloudfunctions.operations.get","datastore.indexes.create","datastore.indexes.delete","datastore.indexes.list","datastore.indexes.update","firebase.projects.get","firebasehosting.sites.update"]
[debug] [2022-05-05T19:00:04.085Z] >>> [apiv2][query] POST https://cloudresourcemanager.googleapis.com/v1/projects/firebaseproject-335419:testIamPermissions [none]
[debug] [2022-05-05T19:00:04.086Z] >>> [apiv2][body] POST https://cloudresourcemanager.googleapis.com/v1/projects/firebaseproject-335419:testIamPermissions {"permissions":["cloudfunctions.functions.create","cloudfunctions.functions.delete","cloudfunctions.functions.get","cloudfunctions.functions.list","cloudfunctions.functions.update","cloudfunctions.operations.get","datastore.indexes.create","datastore.indexes.delete","datastore.indexes.list","datastore.indexes.update","firebase.projects.get","firebasehosting.sites.update"]}
[debug] [2022-05-05T19:00:04.331Z] <<< [apiv2][status] POST https://cloudresourcemanager.googleapis.com/v1/projects/firebaseproject-335419:testIamPermissions 200
[debug] [2022-05-05T19:00:04.331Z] <<< [apiv2][body] POST https://cloudresourcemanager.googleapis.com/v1/projects/firebaseproject-335419:testIamPermissions {"permissions":["cloudfunctions.functions.create","cloudfunctions.functions.delete","cloudfunctions.functions.get","cloudfunctions.functions.list","cloudfunctions.functions.update","cloudfunctions.operations.get","datastore.indexes.create","datastore.indexes.delete","datastore.indexes.list","datastore.indexes.update","firebase.projects.get","firebasehosting.sites.update"]}
[debug] [2022-05-05T19:00:04.332Z] >>> [apiv2][query] POST https://iam.googleapis.com/v1/projects/firebaseproject-335419/serviceAccounts/firebaseproject-335419@appspot.gserviceaccount.com:testIamPermissions [none]
[debug] [2022-05-05T19:00:04.332Z] >>> [apiv2][body] POST https://iam.googleapis.com/v1/projects/firebaseproject-335419/serviceAccounts/firebaseproject-335419@appspot.gserviceaccount.com:testIamPermissions {"permissions":["iam.serviceAccounts.actAs"]}
[debug] [2022-05-05T19:00:04.467Z] <<< [apiv2][status] POST https://iam.googleapis.com/v1/projects/firebaseproject-335419/serviceAccounts/firebaseproject-335419@appspot.gserviceaccount.com:testIamPermissions 200
[debug] [2022-05-05T19:00:04.467Z] <<< [apiv2][body] POST https://iam.googleapis.com/v1/projects/firebaseproject-335419/serviceAccounts/firebaseproject-335419@appspot.gserviceaccount.com:testIamPermissions {"permissions":["iam.serviceAccounts.actAs"]}
[debug] [2022-05-05T19:00:04.468Z] >>> [apiv2][query] GET https://firebase.googleapis.com/v1beta1/projects/firebaseproject-335419 [none]
[debug] [2022-05-05T19:00:04.597Z] <<< [apiv2][status] GET https://firebase.googleapis.com/v1beta1/projects/firebaseproject-335419 200
[debug] [2022-05-05T19:00:04.597Z] <<< [apiv2][body] GET https://firebase.googleapis.com/v1beta1/projects/firebaseproject-335419 {"projectId":"firebaseproject-335419","projectNumber":"951621100892","displayName":"reya-web-app","name":"projects/firebaseproject-335419","resources":{"hostingSite":"fir-project-335419","realtimeDatabaseInstance":"firebaseproject-335419-default-rtdb","storageBucket":"firebaseproject-335419.appspot.com","locationId":"asia-southeast2"},"state":"ACTIVE"}
[info] 
[info] === Deploying to 'firebaseproject-335419'...
[info] 
[info] i  deploying firestore, functions, hosting 
[info] i  firestore: reading indexes from firestore.indexes.json... 
[info] i  cloud.firestore: checking firestore.rules for compilation errors... 
[debug] [2022-05-05T19:00:04.624Z] >>> [apiv2][query] POST https://firebaserules.googleapis.com/v1/projects/firebaseproject-335419:test [none]
[debug] [2022-05-05T19:00:04.624Z] >>> [apiv2][body] POST https://firebaserules.googleapis.com/v1/projects/firebaseproject-335419:test [omitted]
[debug] [2022-05-05T19:00:04.760Z] <<< [apiv2][status] POST https://firebaserules.googleapis.com/v1/projects/firebaseproject-335419:test 200
[debug] [2022-05-05T19:00:04.760Z] <<< [apiv2][body] POST https://firebaserules.googleapis.com/v1/projects/firebaseproject-335419:test {}
[info] +  cloud.firestore: rules file firestore.rules compiled successfully 
[debug] [2022-05-05T19:00:04.769Z] >>> [apiv2][query] GET https://firebase.googleapis.com/v1beta1/projects/firebaseproject-335419 [none]
[debug] [2022-05-05T19:00:04.895Z] <<< [apiv2][status] GET https://firebase.googleapis.com/v1beta1/projects/firebaseproject-335419 200
[debug] [2022-05-05T19:00:04.896Z] <<< [apiv2][body] GET https://firebase.googleapis.com/v1beta1/projects/firebaseproject-335419 {"projectId":"firebaseproject-335419","projectNumber":"951621100892","displayName":"reya-web-app","name":"projects/firebaseproject-335419","resources":{"hostingSite":"fir-project-335419","realtimeDatabaseInstance":"firebaseproject-335419-default-rtdb","storageBucket":"firebaseproject-335419.appspot.com","locationId":"asia-southeast2"},"state":"ACTIVE"}
[info] i  functions: ensuring required API cloudfunctions.googleapis.com is enabled... 
[info] i  functions: ensuring required API cloudbuild.googleapis.com is enabled... 
[debug] [2022-05-05T19:00:04.906Z] >>> [apiv2][query] GET https://serviceusage.googleapis.com/v1/projects/firebaseproject-335419/services/cloudfunctions.googleapis.com [none]
[debug] [2022-05-05T19:00:04.907Z] >>> [apiv2][query] GET https://serviceusage.googleapis.com/v1/projects/firebaseproject-335419/services/runtimeconfig.googleapis.com [none]
[debug] [2022-05-05T19:00:04.909Z] >>> [apiv2][query] GET https://serviceusage.googleapis.com/v1/projects/firebaseproject-335419/services/cloudbuild.googleapis.com [none]
[debug] [2022-05-05T19:00:04.910Z] >>> [apiv2][query] GET https://serviceusage.googleapis.com/v1/projects/firebaseproject-335419/services/artifactregistry.googleapis.com [none]
[debug] [2022-05-05T19:00:05.161Z] <<< [apiv2][status] GET https://serviceusage.googleapis.com/v1/projects/firebaseproject-335419/services/cloudfunctions.googleapis.com 200
[debug] [2022-05-05T19:00:05.161Z] <<< [apiv2][body] GET https://serviceusage.googleapis.com/v1/projects/firebaseproject-335419/services/cloudfunctions.googleapis.com [omitted]
[info] +  functions: required API cloudfunctions.googleapis.com is enabled 
[debug] [2022-05-05T19:00:05.201Z] <<< [apiv2][status] GET https://serviceusage.googleapis.com/v1/projects/firebaseproject-335419/services/cloudbuild.googleapis.com 200
[debug] [2022-05-05T19:00:05.203Z] <<< [apiv2][body] GET https://serviceusage.googleapis.com/v1/projects/firebaseproject-335419/services/cloudbuild.googleapis.com [omitted]
[info] +  functions: required API cloudbuild.googleapis.com is enabled 
[debug] [2022-05-05T19:00:05.224Z] <<< [apiv2][status] GET https://serviceusage.googleapis.com/v1/projects/firebaseproject-335419/services/artifactregistry.googleapis.com 200
[debug] [2022-05-05T19:00:05.224Z] <<< [apiv2][body] GET https://serviceusage.googleapis.com/v1/projects/firebaseproject-335419/services/artifactregistry.googleapis.com [omitted]
[debug] [2022-05-05T19:00:05.272Z] <<< [apiv2][status] GET https://serviceusage.googleapis.com/v1/projects/firebaseproject-335419/services/runtimeconfig.googleapis.com 200
[debug] [2022-05-05T19:00:05.272Z] <<< [apiv2][body] GET https://serviceusage.googleapis.com/v1/projects/firebaseproject-335419/services/runtimeconfig.googleapis.com [omitted]
[debug] [2022-05-05T19:00:05.273Z] >>> [apiv2][query] GET https://firebase.googleapis.com/v1beta1/projects/firebaseproject-335419/adminSdkConfig [none]
[debug] [2022-05-05T19:00:05.476Z] <<< [apiv2][status] GET https://firebase.googleapis.com/v1beta1/projects/firebaseproject-335419/adminSdkConfig 200
[debug] [2022-05-05T19:00:05.476Z] <<< [apiv2][body] GET https://firebase.googleapis.com/v1beta1/projects/firebaseproject-335419/adminSdkConfig {"projectId":"firebaseproject-335419","databaseURL":"https://firebaseproject-335419-default-rtdb.asia-southeast1.firebasedatabase.app","storageBucket":"firebaseproject-335419.appspot.com","locationId":"asia-southeast2"}
[debug] [2022-05-05T19:00:05.477Z] >>> [apiv2][query] GET https://runtimeconfig.googleapis.com/v1beta1/projects/firebaseproject-335419/configs [none]
[debug] [2022-05-05T19:00:05.678Z] <<< [apiv2][status] GET https://runtimeconfig.googleapis.com/v1beta1/projects/firebaseproject-335419/configs 200
[debug] [2022-05-05T19:00:05.678Z] <<< [apiv2][body] GET https://runtimeconfig.googleapis.com/v1beta1/projects/firebaseproject-335419/configs {}
[info] i  functions: preparing codebase default for deployment 
[debug] [2022-05-05T19:00:05.684Z] Validating nodejs source
[debug] [2022-05-05T19:00:12.203Z] > [functions] package.json contents: {
  "name": "functions",
  "description": "Cloud Functions for Firebase",
  "scripts": {
    "serve": "firebase emulators:start --only functions",
    "shell": "firebase functions:shell",
    "start": "npm run shell",
    "deploy": "firebase deploy --only functions",
    "logs": "firebase functions:log"
  },
  "engines": {
    "node": "16"
  },
  "main": "index.js",
  "dependencies": {
    "firebase-admin": "^10.0.2",
    "firebase-functions": "^3.18.0",
    "strip": "^3.0.0",
    "stripe": "^8.220.0"
  },
  "devDependencies": {
    "firebase-functions-test": "^0.2.0"
  },
  "private": true
}
[debug] [2022-05-05T19:00:12.203Z] Building nodejs source
[debug] [2022-05-05T19:00:12.204Z] Analyzing nodejs backend spec
[info] i  functions: preparing functions directory for uploading... 
[info] i  functions: packaged D:\Dina\Project1\Training\reya-web-app6\functions (25.75 KB) for uploading 
[debug] [2022-05-05T19:00:13.221Z] >>> [apiv2][query] GET https://cloudfunctions.googleapis.com/v1/projects/firebaseproject-335419/locations/-/functions [none]
[debug] [2022-05-05T19:00:13.680Z] <<< [apiv2][status] GET https://cloudfunctions.googleapis.com/v1/projects/firebaseproject-335419/locations/-/functions 200
[debug] [2022-05-05T19:00:13.680Z] <<< [apiv2][body] GET https://cloudfunctions.googleapis.com/v1/projects/firebaseproject-335419/locations/-/functions {"functions":[{"name":"projects/firebaseproject-335419/locations/us-central1/functions/api","httpsTrigger":{"url":"https://us-central1-firebaseproject-335419.cloudfunctions.net/api","securityLevel":"SECURE_ALWAYS"},"status":"ACTIVE","entryPoint":"api","timeout":"60s","availableMemoryMb":256,"serviceAccountEmail":"firebaseproject-335419@appspot.gserviceaccount.com","updateTime":"2022-05-05T14:23:52.615Z","versionId":"4","labels":{"deployment-tool":"cli-firebase"},"sourceUploadUrl":"https://storage.googleapis.com/uploads-760359027953.us-central1.cloudfunctions.appspot.com/8b7b5e01-b049-4e7d-9043-d33108393160.zip","environmentVariables":{"FIREBASE_CONFIG":"{\"projectId\":\"firebaseproject-335419\",\"databaseURL\":\"https://firebaseproject-335419-default-rtdb.asia-southeast1.firebasedatabase.app\",\"storageBucket\":\"firebaseproject-335419.appspot.com\",\"locationId\":\"asia-southeast2\"}","GCLOUD_PROJECT":"firebaseproject-335419"},"runtime":"nodejs16","ingressSettings":"ALLOW_ALL","buildId":"7b36549f-e40d-4216-a841-ce32e5193f98","buildName":"projects/951621100892/locations/us-central1/builds/7b36549f-e40d-4216-a841-ce32e5193f98","dockerRegistry":"CONTAINER_REGISTRY"}]}
[debug] [2022-05-05T19:00:13.687Z] >>> [apiv2][query] GET https://firebase.googleapis.com/v1beta1/projects/firebaseproject-335419 [none]
[debug] [2022-05-05T19:00:13.792Z] <<< [apiv2][status] GET https://firebase.googleapis.com/v1beta1/projects/firebaseproject-335419 200
[debug] [2022-05-05T19:00:13.793Z] <<< [apiv2][body] GET https://firebase.googleapis.com/v1beta1/projects/firebaseproject-335419 {"projectId":"firebaseproject-335419","projectNumber":"951621100892","displayName":"reya-web-app","name":"projects/firebaseproject-335419","resources":{"hostingSite":"fir-project-335419","realtimeDatabaseInstance":"firebaseproject-335419-default-rtdb","storageBucket":"firebaseproject-335419.appspot.com","locationId":"asia-southeast2"},"state":"ACTIVE"}
[debug] [2022-05-05T19:00:13.796Z] >>> [apiv2][query] POST https://firebasehosting.googleapis.com/v1beta1/projects/951621100892/sites/fir-project-335419/versions [none]
[debug] [2022-05-05T19:00:13.796Z] >>> [apiv2][body] POST https://firebasehosting.googleapis.com/v1beta1/projects/951621100892/sites/fir-project-335419/versions {"config":{"rewrites":[{"glob":"**","path":"/index.html"}]},"labels":{"deployment-tool":"cli-firebase"}}
[debug] [2022-05-05T19:00:14.185Z] <<< [apiv2][status] POST https://firebasehosting.googleapis.com/v1beta1/projects/951621100892/sites/fir-project-335419/versions 200
[debug] [2022-05-05T19:00:14.185Z] <<< [apiv2][body] POST https://firebasehosting.googleapis.com/v1beta1/projects/951621100892/sites/fir-project-335419/versions {"name":"projects/951621100892/sites/fir-project-335419/versions/18c60059800f9bc9","status":"CREATED","config":{"rewrites":[{"glob":"**","path":"/index.html"}]},"labels":{"deployment-tool":"cli-firebase"}}
[debug] [2022-05-05T19:00:14.188Z] > refreshing access token with scopes: ["email","https://www.googleapis.com/auth/cloud-platform","https://www.googleapis.com/auth/cloudplatformprojects.readonly","https://www.googleapis.com/auth/firebase","openid"]
[debug] [2022-05-05T19:00:14.189Z] >>> HTTP REQUEST POST https://www.googleapis.com/oauth2/v3/token  
 <request body omitted>
[debug] [2022-05-05T19:00:14.194Z] >>> [apiv2][query] GET https://firebaserules.googleapis.com/v1/projects/firebaseproject-335419/releases pageSize=10&pageToken=
[debug] [2022-05-05T19:00:14.273Z] <<< HTTP RESPONSE 200 {"date":"Thu, 05 May 2022 19:00:13 GMT","cache-control":"no-cache, no-store, max-age=0, must-revalidate","pragma":"no-cache","expires":"Mon, 01 Jan 1990 00:00:00 GMT","content-type":"application/json; charset=utf-8","vary":"X-Origin, Referer, Origin,Accept-Encoding","server":"scaffolding on HTTPServer2","x-xss-protection":"0","x-frame-options":"SAMEORIGIN","x-content-type-options":"nosniff","alt-svc":"h3=\":443\"; ma=2592000,h3-29=\":443\"; ma=2592000,h3-Q050=\":443\"; ma=2592000,h3-Q046=\":443\"; ma=2592000,h3-Q043=\":443\"; ma=2592000,quic=\":443\"; ma=2592000; v=\"46,43\"","accept-ranges":"none","transfer-encoding":"chunked"}
[debug] [2022-05-05T19:00:14.289Z] >>> HTTP REQUEST GET https://firestore.googleapis.com/v1/projects/firebaseproject-335419/databases/(default)/collectionGroups/-/indexes  
 
[debug] [2022-05-05T19:00:14.333Z] <<< [apiv2][status] GET https://firebaserules.googleapis.com/v1/projects/firebaseproject-335419/releases 200
[debug] [2022-05-05T19:00:14.334Z] <<< [apiv2][body] GET https://firebaserules.googleapis.com/v1/projects/firebaseproject-335419/releases {"releases":[{"name":"projects/firebaseproject-335419/releases/cloud.firestore","rulesetName":"projects/firebaseproject-335419/rulesets/42f666c7-4e26-4c2f-bc32-026a7fd9d1da","createTime":"2021-12-17T20:04:31.315116Z","updateTime":"2022-05-05T14:21:26.273157Z"},{"name":"projects/firebaseproject-335419/releases/firebase.storage/firebaseproject-335419.appspot.com","rulesetName":"projects/firebaseproject-335419/rulesets/5f62c63c-b5cd-44aa-a62a-faa2d8a7b560","createTime":"2021-12-17T20:04:19.766713Z","updateTime":"2021-12-17T20:04:19.766713Z"}]}
[debug] [2022-05-05T19:00:14.335Z] > refreshing access token with scopes: []
[debug] [2022-05-05T19:00:14.335Z] >>> HTTP REQUEST POST https://www.googleapis.com/oauth2/v3/token  
 <request body omitted>
[debug] [2022-05-05T19:00:14.446Z] <<< HTTP RESPONSE 200 {"pragma":"no-cache","date":"Thu, 05 May 2022 19:00:13 GMT","cache-control":"no-cache, no-store, max-age=0, must-revalidate","expires":"Mon, 01 Jan 1990 00:00:00 GMT","content-type":"application/json; charset=utf-8","vary":"X-Origin, Referer, Origin,Accept-Encoding","server":"scaffolding on HTTPServer2","x-xss-protection":"0","x-frame-options":"SAMEORIGIN","x-content-type-options":"nosniff","alt-svc":"h3=\":443\"; ma=2592000,h3-29=\":443\"; ma=2592000,h3-Q050=\":443\"; ma=2592000,h3-Q046=\":443\"; ma=2592000,h3-Q043=\":443\"; ma=2592000,quic=\":443\"; ma=2592000; v=\"46,43\"","accept-ranges":"none","transfer-encoding":"chunked"}
[debug] [2022-05-05T19:00:14.458Z] >>> [apiv2][query] GET https://firebaserules.googleapis.com/v1/projects/firebaseproject-335419/rulesets/42f666c7-4e26-4c2f-bc32-026a7fd9d1da [none]
[debug] [2022-05-05T19:00:14.564Z] <<< [apiv2][status] GET https://firebaserules.googleapis.com/v1/projects/firebaseproject-335419/rulesets/42f666c7-4e26-4c2f-bc32-026a7fd9d1da 200
[debug] [2022-05-05T19:00:14.564Z] <<< [apiv2][body] GET https://firebaserules.googleapis.com/v1/projects/firebaseproject-335419/rulesets/42f666c7-4e26-4c2f-bc32-026a7fd9d1da [omitted]
[info] i  firestore: latest version of firestore.rules already up to date, skipping upload... 
[debug] [2022-05-05T19:00:15.917Z] <<< HTTP RESPONSE 200 {"content-type":"application/json; charset=UTF-8","vary":"X-Origin, Referer, Origin,Accept-Encoding","date":"Thu, 05 May 2022 19:00:15 GMT","server":"ESF","cache-control":"private","x-xss-protection":"0","x-frame-options":"SAMEORIGIN","x-content-type-options":"nosniff","alt-svc":"h3=\":443\"; ma=2592000,h3-29=\":443\"; ma=2592000,h3-Q050=\":443\"; ma=2592000,h3-Q046=\":443\"; ma=2592000,h3-Q043=\":443\"; ma=2592000,quic=\":443\"; ma=2592000; v=\"46,43\"","accept-ranges":"none","transfer-encoding":"chunked"}
[debug] [2022-05-05T19:00:15.918Z] > refreshing access token with scopes: ["email","https://www.googleapis.com/auth/cloud-platform","https://www.googleapis.com/auth/cloudplatformprojects.readonly","https://www.googleapis.com/auth/firebase","openid"]
[debug] [2022-05-05T19:00:15.918Z] >>> HTTP REQUEST POST https://www.googleapis.com/oauth2/v3/token  
 <request body omitted>
[debug] [2022-05-05T19:00:16.037Z] <<< HTTP RESPONSE 200 {"pragma":"no-cache","expires":"Mon, 01 Jan 1990 00:00:00 GMT","date":"Thu, 05 May 2022 19:00:15 GMT","cache-control":"no-cache, no-store, max-age=0, must-revalidate","content-type":"application/json; charset=utf-8","vary":"X-Origin, Referer, Origin,Accept-Encoding","server":"scaffolding on HTTPServer2","x-xss-protection":"0","x-frame-options":"SAMEORIGIN","x-content-type-options":"nosniff","alt-svc":"h3=\":443\"; ma=2592000,h3-29=\":443\"; ma=2592000,h3-Q050=\":443\"; ma=2592000,h3-Q046=\":443\"; ma=2592000,h3-Q043=\":443\"; ma=2592000,quic=\":443\"; ma=2592000; v=\"46,43\"","accept-ranges":"none","transfer-encoding":"chunked"}
[debug] [2022-05-05T19:00:16.048Z] >>> HTTP REQUEST GET https://firestore.googleapis.com/v1/projects/firebaseproject-335419/databases/(default)/collectionGroups/-/fields?filter=indexConfig.usesAncestorConfig=false  
 
[debug] [2022-05-05T19:00:17.696Z] <<< HTTP RESPONSE 200 {"content-type":"application/json; charset=UTF-8","vary":"X-Origin, Referer, Origin,Accept-Encoding","date":"Thu, 05 May 2022 19:00:16 GMT","server":"ESF","cache-control":"private","x-xss-protection":"0","x-frame-options":"SAMEORIGIN","x-content-type-options":"nosniff","alt-svc":"h3=\":443\"; ma=2592000,h3-29=\":443\"; ma=2592000,h3-Q050=\":443\"; ma=2592000,h3-Q046=\":443\"; ma=2592000,h3-Q043=\":443\"; ma=2592000,quic=\":443\"; ma=2592000; v=\"46,43\"","accept-ranges":"none","transfer-encoding":"chunked"}
[info] +  firestore: deployed indexes in firestore.indexes.json successfully 
[debug] [2022-05-05T19:00:17.702Z] > refreshing access token with scopes: []
[debug] [2022-05-05T19:00:17.702Z] >>> HTTP REQUEST POST https://www.googleapis.com/oauth2/v3/token  
 <request body omitted>
[debug] [2022-05-05T19:00:17.808Z] <<< HTTP RESPONSE 200 {"expires":"Mon, 01 Jan 1990 00:00:00 GMT","pragma":"no-cache","date":"Thu, 05 May 2022 19:00:16 GMT","cache-control":"no-cache, no-store, max-age=0, must-revalidate","content-type":"application/json; charset=utf-8","vary":"X-Origin, Referer, Origin,Accept-Encoding","server":"scaffolding on HTTPServer2","x-xss-protection":"0","x-frame-options":"SAMEORIGIN","x-content-type-options":"nosniff","alt-svc":"h3=\":443\"; ma=2592000,h3-29=\":443\"; ma=2592000,h3-Q050=\":443\"; ma=2592000,h3-Q046=\":443\"; ma=2592000,h3-Q043=\":443\"; ma=2592000,quic=\":443\"; ma=2592000; v=\"46,43\"","accept-ranges":"none","transfer-encoding":"chunked"}
[debug] [2022-05-05T19:00:17.826Z] >>> [apiv2][query] POST https://cloudfunctions.googleapis.com/v1/projects/firebaseproject-335419/locations/us-central1/functions:generateUploadUrl [none]
[debug] [2022-05-05T19:00:17.826Z] >>> [apiv2][body] POST https://cloudfunctions.googleapis.com/v1/projects/firebaseproject-335419/locations/us-central1/functions:generateUploadUrl {}
[debug] [2022-05-05T19:00:18.425Z] <<< [apiv2][status] POST https://cloudfunctions.googleapis.com/v1/projects/firebaseproject-335419/locations/us-central1/functions:generateUploadUrl 200
[debug] [2022-05-05T19:00:18.425Z] <<< [apiv2][body] POST https://cloudfunctions.googleapis.com/v1/projects/firebaseproject-335419/locations/us-central1/functions:generateUploadUrl {"uploadUrl":"https://storage.googleapis.com/uploads-760359027953.us-central1.cloudfunctions.appspot.com/aed2aedb-e9d9-4f05-b719-6024ae8a54a3.zip?GoogleAccessId=service-951621100892@gcf-admin-robot.iam.gserviceaccount.com&Expires=1651779017&Signature=CEwuzE3aWmebhShbZfpHqHQBoUqpczFGQD7Sau8UVr%2FNlOYH4bd%2F5t5bnRRBwb5CDGPEtNPI20FO8dWIpZtEZV6MckID2%2BH5DCaJvXgbu1GxzN7PyLp75JTI6%2FTdvNxol%2BRtAy7ZbPjAekdkBVTTmgN5U5EqV1RLNDmhY3ZlRwpVp6zR2Z6fDFYxxcVee%2FspcPSUb7bQSnJBYxUGIb4iL%2FyW2GTX%2BSCuROEloXoTZIbfF7i%2F9s%2Fg%2FY4HMVdrcvWW6%2Fpvz3OgkK8VWUnYp0vZzSfFDAD8Hjk5iVDcKyTyN4vhnjQ2Q%2BxaUIrGC2Z7dcTvBEh2yp2jYINhQPQcnJpWxA%3D%3D"}
[debug] [2022-05-05T19:00:18.427Z] >>> [apiv2][query] PUT https://storage.googleapis.com/uploads-760359027953.us-central1.cloudfunctions.appspot.com/aed2aedb-e9d9-4f05-b719-6024ae8a54a3.zip GoogleAccessId=service-951621100892%40gcf-admin-robot.iam.gserviceaccount.com&Expires=1651779017&Signature=CEwuzE3aWmebhShbZfpHqHQBoUqpczFGQD7Sau8UVr%2FNlOYH4bd%2F5t5bnRRBwb5CDGPEtNPI20FO8dWIpZtEZV6MckID2%2BH5DCaJvXgbu1GxzN7PyLp75JTI6%2FTdvNxol%2BRtAy7ZbPjAekdkBVTTmgN5U5EqV1RLNDmhY3ZlRwpVp6zR2Z6fDFYxxcVee%2FspcPSUb7bQSnJBYxUGIb4iL%2FyW2GTX%2BSCuROEloXoTZIbfF7i%2F9s%2Fg%2FY4HMVdrcvWW6%2Fpvz3OgkK8VWUnYp0vZzSfFDAD8Hjk5iVDcKyTyN4vhnjQ2Q%2BxaUIrGC2Z7dcTvBEh2yp2jYINhQPQcnJpWxA%3D%3D
[debug] [2022-05-05T19:00:18.427Z] >>> [apiv2][body] PUT https://storage.googleapis.com/uploads-760359027953.us-central1.cloudfunctions.appspot.com/aed2aedb-e9d9-4f05-b719-6024ae8a54a3.zip [stream]
[debug] [2022-05-05T19:00:18.680Z] <<< [apiv2][status] PUT https://storage.googleapis.com/uploads-760359027953.us-central1.cloudfunctions.appspot.com/aed2aedb-e9d9-4f05-b719-6024ae8a54a3.zip 200
[debug] [2022-05-05T19:00:18.680Z] <<< [apiv2][body] PUT https://storage.googleapis.com/uploads-760359027953.us-central1.cloudfunctions.appspot.com/aed2aedb-e9d9-4f05-b719-6024ae8a54a3.zip [omitted]
[info] +  functions: functions folder uploaded successfully 
[info] i  hosting[fir-project-335419]: beginning deploy... 
[info] i  hosting[fir-project-335419]: found 12 files in build 
[debug] [2022-05-05T19:00:18.721Z] [hosting] uploading with 200 concurrency
[debug] [2022-05-05T19:00:21.665Z] [hosting] hash cache [YnVpbGQ] stored for 12 files
[debug] [2022-05-05T19:00:21.666Z] [hosting][hash queue][FINAL] {"max":2932,"min":2,"avg":257.5,"active":0,"complete":12,"success":12,"errored":0,"retried":0,"total":12,"elapsed":2940}
[debug] [2022-05-05T19:00:21.666Z] >>> [apiv2][query] POST https://firebasehosting.googleapis.com/v1beta1/projects/951621100892/sites/fir-project-335419/versions/18c60059800f9bc9:populateFiles [none]
[debug] [2022-05-05T19:00:21.666Z] >>> [apiv2][body] POST https://firebasehosting.googleapis.com/v1beta1/projects/951621100892/sites/fir-project-335419/versions/18c60059800f9bc9:populateFiles {"files":{"/favicon.ico":"eae62e993eb980ec8a25058c39d5a51feab118bd2100c4deebb2a9c158ec11f9","/logo192.png":"3ee59515172ee198f3be375979df15ac5345183e656720a381b8872b2a39dc8b","/logo512.png":"ee7e2f3fdb8209c4b6fd7bef6ba50d1b9dba30a25bb5c3126df057e1cb6f5331","/manifest.json":"aff3449bdc238776f5d6d967f19ec491b36aed5fb7f23ccff6500736fd58494a","/robots.txt":"bfe106a3fb878dc83461c86818bf74fc1bdc7f28538ba613cd3e775516ce8b49","/asset-manifest.json":"ca7b7b2db44ad61aee82c389c2d9fc1799ac31d3f73159386ed0f2bf2185a7da","/index.html":"b607ec46a588bb7aaadbf56fcbdd58b61e2c82bc3f636c080f3817a4738daa9a","/static/css/main.fbab8d4b.css":"b1fb462ebac1d037077e2beae2733847e8d430aae4d984117c6a4c24b75a6bce","/static/css/main.fbab8d4b.css.map":"5721397be67777277f364cb49b3b9b4639a32ca3034274b6aec9d80c65a4bd9f","/static/js/main.27864d6e.js.LICENSE.txt":"60054e4bac116c4eaa396b87fce44e82731cc050dee6b4b98b4923256fbb309a","/static/js/main.27864d6e.js":"c02f20f05dafa2efd7060587c5a67cf78e3e278b6b45c6f899cee7a3c466275f","/static/js/main.27864d6e.js.map":"4715ba920dca64aa913a8c3faee3a2de0236c51667bc33c94838fcd166364a35"}}
[debug] [2022-05-05T19:00:21.924Z] <<< [apiv2][status] POST https://firebasehosting.googleapis.com/v1beta1/projects/951621100892/sites/fir-project-335419/versions/18c60059800f9bc9:populateFiles 200
[debug] [2022-05-05T19:00:21.924Z] <<< [apiv2][body] POST https://firebasehosting.googleapis.com/v1beta1/projects/951621100892/sites/fir-project-335419/versions/18c60059800f9bc9:populateFiles {"uploadRequiredHashes":["c02f20f05dafa2efd7060587c5a67cf78e3e278b6b45c6f899cee7a3c466275f","4715ba920dca64aa913a8c3faee3a2de0236c51667bc33c94838fcd166364a35","b1fb462ebac1d037077e2beae2733847e8d430aae4d984117c6a4c24b75a6bce","b607ec46a588bb7aaadbf56fcbdd58b61e2c82bc3f636c080f3817a4738daa9a","5721397be67777277f364cb49b3b9b4639a32ca3034274b6aec9d80c65a4bd9f","ca7b7b2db44ad61aee82c389c2d9fc1799ac31d3f73159386ed0f2bf2185a7da"],"uploadUrl":"https://upload-firebasehosting.googleapis.com/upload/sites/fir-project-335419/versions/18c60059800f9bc9/files"}
[debug] [2022-05-05T19:00:21.927Z] >>> [apiv2][query] POST https://upload-firebasehosting.googleapis.com/upload/sites/fir-project-335419/versions/18c60059800f9bc9/files/c02f20f05dafa2efd7060587c5a67cf78e3e278b6b45c6f899cee7a3c466275f [none]
[debug] [2022-05-05T19:00:21.927Z] >>> [apiv2][body] POST https://upload-firebasehosting.googleapis.com/upload/sites/fir-project-335419/versions/18c60059800f9bc9/files/c02f20f05dafa2efd7060587c5a67cf78e3e278b6b45c6f899cee7a3c466275f [stream]
[debug] [2022-05-05T19:00:21.928Z] >>> [apiv2][query] POST https://upload-firebasehosting.googleapis.com/upload/sites/fir-project-335419/versions/18c60059800f9bc9/files/4715ba920dca64aa913a8c3faee3a2de0236c51667bc33c94838fcd166364a35 [none]
[debug] [2022-05-05T19:00:21.928Z] >>> [apiv2][body] POST https://upload-firebasehosting.googleapis.com/upload/sites/fir-project-335419/versions/18c60059800f9bc9/files/4715ba920dca64aa913a8c3faee3a2de0236c51667bc33c94838fcd166364a35 [stream]
[debug] [2022-05-05T19:00:21.929Z] >>> [apiv2][query] POST https://upload-firebasehosting.googleapis.com/upload/sites/fir-project-335419/versions/18c60059800f9bc9/files/b1fb462ebac1d037077e2beae2733847e8d430aae4d984117c6a4c24b75a6bce [none]
[debug] [2022-05-05T19:00:21.929Z] >>> [apiv2][body] POST https://upload-firebasehosting.googleapis.com/upload/sites/fir-project-335419/versions/18c60059800f9bc9/files/b1fb462ebac1d037077e2beae2733847e8d430aae4d984117c6a4c24b75a6bce [stream]
[debug] [2022-05-05T19:00:21.930Z] >>> [apiv2][query] POST https://upload-firebasehosting.googleapis.com/upload/sites/fir-project-335419/versions/18c60059800f9bc9/files/b607ec46a588bb7aaadbf56fcbdd58b61e2c82bc3f636c080f3817a4738daa9a [none]
[debug] [2022-05-05T19:00:21.930Z] >>> [apiv2][body] POST https://upload-firebasehosting.googleapis.com/upload/sites/fir-project-335419/versions/18c60059800f9bc9/files/b607ec46a588bb7aaadbf56fcbdd58b61e2c82bc3f636c080f3817a4738daa9a [stream]
[debug] [2022-05-05T19:00:21.931Z] >>> [apiv2][query] POST https://upload-firebasehosting.googleapis.com/upload/sites/fir-project-335419/versions/18c60059800f9bc9/files/5721397be67777277f364cb49b3b9b4639a32ca3034274b6aec9d80c65a4bd9f [none]
[debug] [2022-05-05T19:00:21.931Z] >>> [apiv2][body] POST https://upload-firebasehosting.googleapis.com/upload/sites/fir-project-335419/versions/18c60059800f9bc9/files/5721397be67777277f364cb49b3b9b4639a32ca3034274b6aec9d80c65a4bd9f [stream]
[debug] [2022-05-05T19:00:21.932Z] >>> [apiv2][query] POST https://upload-firebasehosting.googleapis.com/upload/sites/fir-project-335419/versions/18c60059800f9bc9/files/ca7b7b2db44ad61aee82c389c2d9fc1799ac31d3f73159386ed0f2bf2185a7da [none]
[debug] [2022-05-05T19:00:21.933Z] >>> [apiv2][body] POST https://upload-firebasehosting.googleapis.com/upload/sites/fir-project-335419/versions/18c60059800f9bc9/files/ca7b7b2db44ad61aee82c389c2d9fc1799ac31d3f73159386ed0f2bf2185a7da [stream]
[debug] [2022-05-05T19:00:21.938Z] [hosting][populate queue][FINAL] {"max":264,"min":264,"avg":264,"active":0,"complete":1,"success":1,"errored":0,"retried":0,"total":1,"elapsed":275}
[debug] [2022-05-05T19:00:21.938Z] [hosting] uploads queued: 6
[debug] [2022-05-05T19:00:22.622Z] <<< [apiv2][status] POST https://upload-firebasehosting.googleapis.com/upload/sites/fir-project-335419/versions/18c60059800f9bc9/files/5721397be67777277f364cb49b3b9b4639a32ca3034274b6aec9d80c65a4bd9f 200
[debug] [2022-05-05T19:00:22.623Z] <<< [apiv2][body] POST https://upload-firebasehosting.googleapis.com/upload/sites/fir-project-335419/versions/18c60059800f9bc9/files/5721397be67777277f364cb49b3b9b4639a32ca3034274b6aec9d80c65a4bd9f [stream]
[debug] [2022-05-05T19:00:22.666Z] <<< [apiv2][status] POST https://upload-firebasehosting.googleapis.com/upload/sites/fir-project-335419/versions/18c60059800f9bc9/files/b1fb462ebac1d037077e2beae2733847e8d430aae4d984117c6a4c24b75a6bce 200
[debug] [2022-05-05T19:00:22.667Z] <<< [apiv2][body] POST https://upload-firebasehosting.googleapis.com/upload/sites/fir-project-335419/versions/18c60059800f9bc9/files/b1fb462ebac1d037077e2beae2733847e8d430aae4d984117c6a4c24b75a6bce [stream]
[debug] [2022-05-05T19:00:22.678Z] <<< [apiv2][status] POST https://upload-firebasehosting.googleapis.com/upload/sites/fir-project-335419/versions/18c60059800f9bc9/files/b607ec46a588bb7aaadbf56fcbdd58b61e2c82bc3f636c080f3817a4738daa9a 200
[debug] [2022-05-05T19:00:22.678Z] <<< [apiv2][body] POST https://upload-firebasehosting.googleapis.com/upload/sites/fir-project-335419/versions/18c60059800f9bc9/files/b607ec46a588bb7aaadbf56fcbdd58b61e2c82bc3f636c080f3817a4738daa9a [stream]
[debug] [2022-05-05T19:00:22.684Z] <<< [apiv2][status] POST https://upload-firebasehosting.googleapis.com/upload/sites/fir-project-335419/versions/18c60059800f9bc9/files/c02f20f05dafa2efd7060587c5a67cf78e3e278b6b45c6f899cee7a3c466275f 200
[debug] [2022-05-05T19:00:22.685Z] <<< [apiv2][body] POST https://upload-firebasehosting.googleapis.com/upload/sites/fir-project-335419/versions/18c60059800f9bc9/files/c02f20f05dafa2efd7060587c5a67cf78e3e278b6b45c6f899cee7a3c466275f [stream]
[debug] [2022-05-05T19:00:23.062Z] <<< [apiv2][status] POST https://upload-firebasehosting.googleapis.com/upload/sites/fir-project-335419/versions/18c60059800f9bc9/files/ca7b7b2db44ad61aee82c389c2d9fc1799ac31d3f73159386ed0f2bf2185a7da 200
[debug] [2022-05-05T19:00:23.062Z] <<< [apiv2][body] POST https://upload-firebasehosting.googleapis.com/upload/sites/fir-project-335419/versions/18c60059800f9bc9/files/ca7b7b2db44ad61aee82c389c2d9fc1799ac31d3f73159386ed0f2bf2185a7da [stream]
[debug] [2022-05-05T19:00:24.659Z] <<< [apiv2][status] POST https://upload-firebasehosting.googleapis.com/upload/sites/fir-project-335419/versions/18c60059800f9bc9/files/4715ba920dca64aa913a8c3faee3a2de0236c51667bc33c94838fcd166364a35 200
[debug] [2022-05-05T19:00:24.659Z] <<< [apiv2][body] POST https://upload-firebasehosting.googleapis.com/upload/sites/fir-project-335419/versions/18c60059800f9bc9/files/4715ba920dca64aa913a8c3faee3a2de0236c51667bc33c94838fcd166364a35 [stream]
[debug] [2022-05-05T19:00:24.659Z] [hosting][upload queue][FINAL] {"max":2734,"min":697,"avg":1137,"active":0,"complete":6,"success":6,"errored":0,"retried":0,"total":6,"elapsed":2735}
[info] +  hosting[fir-project-335419]: file upload complete 
[debug] [2022-05-05T19:00:24.663Z] [hosting] deploy completed after 5975ms
[debug] [2022-05-05T19:00:24.664Z] [rules] releasing cloud.firestore with ruleset projects/firebaseproject-335419/rulesets/42f666c7-4e26-4c2f-bc32-026a7fd9d1da
[debug] [2022-05-05T19:00:24.664Z] >>> [apiv2][query] PATCH https://firebaserules.googleapis.com/v1/projects/firebaseproject-335419/releases/cloud.firestore [none]
[debug] [2022-05-05T19:00:24.664Z] >>> [apiv2][body] PATCH https://firebaserules.googleapis.com/v1/projects/firebaseproject-335419/releases/cloud.firestore {"release":{"name":"projects/firebaseproject-335419/releases/cloud.firestore","rulesetName":"projects/firebaseproject-335419/rulesets/42f666c7-4e26-4c2f-bc32-026a7fd9d1da"}}
[debug] [2022-05-05T19:00:24.810Z] <<< [apiv2][status] PATCH https://firebaserules.googleapis.com/v1/projects/firebaseproject-335419/releases/cloud.firestore 200
[debug] [2022-05-05T19:00:24.810Z] <<< [apiv2][body] PATCH https://firebaserules.googleapis.com/v1/projects/firebaseproject-335419/releases/cloud.firestore {"name":"projects/firebaseproject-335419/releases/cloud.firestore","rulesetName":"projects/firebaseproject-335419/rulesets/42f666c7-4e26-4c2f-bc32-026a7fd9d1da","createTime":"2021-12-17T20:04:31.315116Z","updateTime":"2022-05-05T19:00:23.956822Z"}
[debug] [2022-05-05T19:00:24.810Z] [rules] updated release projects/firebaseproject-335419/releases/cloud.firestore
[info] +  firestore: released rules firestore.rules to cloud.firestore 
[info] i  functions: updating Node.js 16 function api(us-central1)... 
[debug] [2022-05-05T19:00:24.824Z] >>> [apiv2][query] PATCH https://cloudfunctions.googleapis.com/v1/projects/firebaseproject-335419/locations/us-central1/functions/api updateMask=name%2CsourceUploadUrl%2CentryPoint%2Cruntime%2Clabels%2ChttpsTrigger.securityLevel%2CavailableMemoryMb%2CenvironmentVariables%2CsourceToken
[debug] [2022-05-05T19:00:24.824Z] >>> [apiv2][body] PATCH https://cloudfunctions.googleapis.com/v1/projects/firebaseproject-335419/locations/us-central1/functions/api {"name":"projects/firebaseproject-335419/locations/us-central1/functions/api","sourceUploadUrl":"https://storage.googleapis.com/uploads-760359027953.us-central1.cloudfunctions.appspot.com/aed2aedb-e9d9-4f05-b719-6024ae8a54a3.zip?GoogleAccessId=service-951621100892@gcf-admin-robot.iam.gserviceaccount.com&Expires=1651779017&Signature=CEwuzE3aWmebhShbZfpHqHQBoUqpczFGQD7Sau8UVr%2FNlOYH4bd%2F5t5bnRRBwb5CDGPEtNPI20FO8dWIpZtEZV6MckID2%2BH5DCaJvXgbu1GxzN7PyLp75JTI6%2FTdvNxol%2BRtAy7ZbPjAekdkBVTTmgN5U5EqV1RLNDmhY3ZlRwpVp6zR2Z6fDFYxxcVee%2FspcPSUb7bQSnJBYxUGIb4iL%2FyW2GTX%2BSCuROEloXoTZIbfF7i%2F9s%2Fg%2FY4HMVdrcvWW6%2Fpvz3OgkK8VWUnYp0vZzSfFDAD8Hjk5iVDcKyTyN4vhnjQ2Q%2BxaUIrGC2Z7dcTvBEh2yp2jYINhQPQcnJpWxA%3D%3D","entryPoint":"api","runtime":"nodejs16","labels":{"deployment-tool":"cli-firebase"},"httpsTrigger":{"securityLevel":"SECURE_ALWAYS"},"availableMemoryMb":256,"environmentVariables":{"FIREBASE_CONFIG":"{\"projectId\":\"firebaseproject-335419\",\"databaseURL\":\"https://firebaseproject-335419-default-rtdb.asia-southeast1.firebasedatabase.app\",\"storageBucket\":\"firebaseproject-335419.appspot.com\",\"locationId\":\"asia-southeast2\"}","GCLOUD_PROJECT":"firebaseproject-335419"}}
[debug] [2022-05-05T19:00:25.245Z] <<< [apiv2][status] PATCH https://cloudfunctions.googleapis.com/v1/projects/firebaseproject-335419/locations/us-central1/functions/api 200
[debug] [2022-05-05T19:00:25.245Z] <<< [apiv2][body] PATCH https://cloudfunctions.googleapis.com/v1/projects/firebaseproject-335419/locations/us-central1/functions/api {"name":"operations/ZmlyZWJhc2Vwcm9qZWN0LTMzNTQxOS91cy1jZW50cmFsMS9hcGkvZDduY0FRT0dYMnc","metadata":{"@type":"type.googleapis.com/google.cloud.functions.v1.OperationMetadataV1","target":"projects/firebaseproject-335419/locations/us-central1/functions/api","type":"UPDATE_FUNCTION","request":{"@type":"type.googleapis.com/google.cloud.functions.v1.CloudFunction","name":"projects/firebaseproject-335419/locations/us-central1/functions/api","httpsTrigger":{"url":"https://us-central1-firebaseproject-335419.cloudfunctions.net/api","securityLevel":"SECURE_ALWAYS"},"status":"ACTIVE","entryPoint":"api","timeout":"60s","availableMemoryMb":256,"serviceAccountEmail":"firebaseproject-335419@appspot.gserviceaccount.com","updateTime":"2022-05-05T14:23:52.615Z","versionId":"4","labels":{"deployment-tool":"cli-firebase"},"sourceUploadUrl":"https://storage.googleapis.com/uploads-760359027953.us-central1.cloudfunctions.appspot.com/aed2aedb-e9d9-4f05-b719-6024ae8a54a3.zip?GoogleAccessId=service-951621100892@gcf-admin-robot.iam.gserviceaccount.com&Expires=1651779017&Signature=CEwuzE3aWmebhShbZfpHqHQBoUqpczFGQD7Sau8UVr%2FNlOYH4bd%2F5t5bnRRBwb5CDGPEtNPI20FO8dWIpZtEZV6MckID2%2BH5DCaJvXgbu1GxzN7PyLp75JTI6%2FTdvNxol%2BRtAy7ZbPjAekdkBVTTmgN5U5EqV1RLNDmhY3ZlRwpVp6zR2Z6fDFYxxcVee%2FspcPSUb7bQSnJBYxUGIb4iL%2FyW2GTX%2BSCuROEloXoTZIbfF7i%2F9s%2Fg%2FY4HMVdrcvWW6%2Fpvz3OgkK8VWUnYp0vZzSfFDAD8Hjk5iVDcKyTyN4vhnjQ2Q%2BxaUIrGC2Z7dcTvBEh2yp2jYINhQPQcnJpWxA%3D%3D","environmentVariables":{"FIREBASE_CONFIG":"{\"projectId\":\"firebaseproject-335419\",\"databaseURL\":\"https://firebaseproject-335419-default-rtdb.asia-southeast1.firebasedatabase.app\",\"storageBucket\":\"firebaseproject-335419.appspot.com\",\"locationId\":\"asia-southeast2\"}","GCLOUD_PROJECT":"firebaseproject-335419"},"runtime":"nodejs16","ingressSettings":"ALLOW_ALL","buildId":"7b36549f-e40d-4216-a841-ce32e5193f98","buildName":"projects/951621100892/locations/us-central1/builds/7b36549f-e40d-4216-a841-ce32e5193f98","dockerRegistry":"CONTAINER_REGISTRY"},"versionId":"5","updateTime":"2022-05-05T19:00:24Z"}}
[debug] [2022-05-05T19:00:25.246Z] >>> [apiv2][query] GET https://cloudfunctions.googleapis.com/v1/operations/ZmlyZWJhc2Vwcm9qZWN0LTMzNTQxOS91cy1jZW50cmFsMS9hcGkvZDduY0FRT0dYMnc [none]
[debug] [2022-05-05T19:00:25.372Z] <<< [apiv2][status] GET https://cloudfunctions.googleapis.com/v1/operations/ZmlyZWJhc2Vwcm9qZWN0LTMzNTQxOS91cy1jZW50cmFsMS9hcGkvZDduY0FRT0dYMnc 200
[debug] [2022-05-05T19:00:25.372Z] <<< [apiv2][body] GET https://cloudfunctions.googleapis.com/v1/operations/ZmlyZWJhc2Vwcm9qZWN0LTMzNTQxOS91cy1jZW50cmFsMS9hcGkvZDduY0FRT0dYMnc {"name":"operations/ZmlyZWJhc2Vwcm9qZWN0LTMzNTQxOS91cy1jZW50cmFsMS9hcGkvZDduY0FRT0dYMnc","metadata":{"@type":"type.googleapis.com/google.cloud.functions.v1.OperationMetadataV1","target":"projects/firebaseproject-335419/locations/us-central1/functions/api","type":"UPDATE_FUNCTION","request":{"@type":"type.googleapis.com/google.cloud.functions.v1.CloudFunction","name":"projects/firebaseproject-335419/locations/us-central1/functions/api","httpsTrigger":{"url":"https://us-central1-firebaseproject-335419.cloudfunctions.net/api","securityLevel":"SECURE_ALWAYS"},"status":"ACTIVE","entryPoint":"api","timeout":"60s","availableMemoryMb":256,"serviceAccountEmail":"firebaseproject-335419@appspot.gserviceaccount.com","updateTime":"2022-05-05T14:23:52.615Z","versionId":"4","labels":{"deployment-tool":"cli-firebase"},"sourceUploadUrl":"https://storage.googleapis.com/uploads-760359027953.us-central1.cloudfunctions.appspot.com/aed2aedb-e9d9-4f05-b719-6024ae8a54a3.zip?GoogleAccessId=service-951621100892@gcf-admin-robot.iam.gserviceaccount.com&Expires=1651779017&Signature=CEwuzE3aWmebhShbZfpHqHQBoUqpczFGQD7Sau8UVr%2FNlOYH4bd%2F5t5bnRRBwb5CDGPEtNPI20FO8dWIpZtEZV6MckID2%2BH5DCaJvXgbu1GxzN7PyLp75JTI6%2FTdvNxol%2BRtAy7ZbPjAekdkBVTTmgN5U5EqV1RLNDmhY3ZlRwpVp6zR2Z6fDFYxxcVee%2FspcPSUb7bQSnJBYxUGIb4iL%2FyW2GTX%2BSCuROEloXoTZIbfF7i%2F9s%2Fg%2FY4HMVdrcvWW6%2Fpvz3OgkK8VWUnYp0vZzSfFDAD8Hjk5iVDcKyTyN4vhnjQ2Q%2BxaUIrGC2Z7dcTvBEh2yp2jYINhQPQcnJpWxA%3D%3D","environmentVariables":{"FIREBASE_CONFIG":"{\"projectId\":\"firebaseproject-335419\",\"databaseURL\":\"https://firebaseproject-335419-default-rtdb.asia-southeast1.firebasedatabase.app\",\"storageBucket\":\"firebaseproject-335419.appspot.com\",\"locationId\":\"asia-southeast2\"}","GCLOUD_PROJECT":"firebaseproject-335419"},"runtime":"nodejs16","ingressSettings":"ALLOW_ALL","buildId":"7b36549f-e40d-4216-a841-ce32e5193f98","buildName":"projects/951621100892/locations/us-central1/builds/7b36549f-e40d-4216-a841-ce32e5193f98","dockerRegistry":"CONTAINER_REGISTRY"},"versionId":"5","updateTime":"2022-05-05T19:00:24Z"}}
[debug] [2022-05-05T19:00:25.873Z] [update-default-us-central1-api] Retrying task index 0
[debug] [2022-05-05T19:00:25.873Z] >>> [apiv2][query] GET https://cloudfunctions.googleapis.com/v1/operations/ZmlyZWJhc2Vwcm9qZWN0LTMzNTQxOS91cy1jZW50cmFsMS9hcGkvZDduY0FRT0dYMnc [none]
[debug] [2022-05-05T19:00:25.983Z] <<< [apiv2][status] GET https://cloudfunctions.googleapis.com/v1/operations/ZmlyZWJhc2Vwcm9qZWN0LTMzNTQxOS91cy1jZW50cmFsMS9hcGkvZDduY0FRT0dYMnc 200
[debug] [2022-05-05T19:00:25.983Z] <<< [apiv2][body] GET https://cloudfunctions.googleapis.com/v1/operations/ZmlyZWJhc2Vwcm9qZWN0LTMzNTQxOS91cy1jZW50cmFsMS9hcGkvZDduY0FRT0dYMnc {"name":"operations/ZmlyZWJhc2Vwcm9qZWN0LTMzNTQxOS91cy1jZW50cmFsMS9hcGkvZDduY0FRT0dYMnc","metadata":{"@type":"type.googleapis.com/google.cloud.functions.v1.OperationMetadataV1","target":"projects/firebaseproject-335419/locations/us-central1/functions/api","type":"UPDATE_FUNCTION","request":{"@type":"type.googleapis.com/google.cloud.functions.v1.CloudFunction","name":"projects/firebaseproject-335419/locations/us-central1/functions/api","httpsTrigger":{"url":"https://us-central1-firebaseproject-335419.cloudfunctions.net/api","securityLevel":"SECURE_ALWAYS"},"status":"ACTIVE","entryPoint":"api","timeout":"60s","availableMemoryMb":256,"serviceAccountEmail":"firebaseproject-335419@appspot.gserviceaccount.com","updateTime":"2022-05-05T14:23:52.615Z","versionId":"4","labels":{"deployment-tool":"cli-firebase"},"sourceUploadUrl":"https://storage.googleapis.com/uploads-760359027953.us-central1.cloudfunctions.appspot.com/aed2aedb-e9d9-4f05-b719-6024ae8a54a3.zip?GoogleAccessId=service-951621100892@gcf-admin-robot.iam.gserviceaccount.com&Expires=1651779017&Signature=CEwuzE3aWmebhShbZfpHqHQBoUqpczFGQD7Sau8UVr%2FNlOYH4bd%2F5t5bnRRBwb5CDGPEtNPI20FO8dWIpZtEZV6MckID2%2BH5DCaJvXgbu1GxzN7PyLp75JTI6%2FTdvNxol%2BRtAy7ZbPjAekdkBVTTmgN5U5EqV1RLNDmhY3ZlRwpVp6zR2Z6fDFYxxcVee%2FspcPSUb7bQSnJBYxUGIb4iL%2FyW2GTX%2BSCuROEloXoTZIbfF7i%2F9s%2Fg%2FY4HMVdrcvWW6%2Fpvz3OgkK8VWUnYp0vZzSfFDAD8Hjk5iVDcKyTyN4vhnjQ2Q%2BxaUIrGC2Z7dcTvBEh2yp2jYINhQPQcnJpWxA%3D%3D","environmentVariables":{"FIREBASE_CONFIG":"{\"projectId\":\"firebaseproject-335419\",\"databaseURL\":\"https://firebaseproject-335419-default-rtdb.asia-southeast1.firebasedatabase.app\",\"storageBucket\":\"firebaseproject-335419.appspot.com\",\"locationId\":\"asia-southeast2\"}","GCLOUD_PROJECT":"firebaseproject-335419"},"runtime":"nodejs16","ingressSettings":"ALLOW_ALL","buildId":"7b36549f-e40d-4216-a841-ce32e5193f98","buildName":"projects/951621100892/locations/us-central1/builds/7b36549f-e40d-4216-a841-ce32e5193f98","dockerRegistry":"CONTAINER_REGISTRY"},"versionId":"5","updateTime":"2022-05-05T19:00:24Z"}}
[debug] [2022-05-05T19:00:26.983Z] [update-default-us-central1-api] Retrying task index 0
[debug] [2022-05-05T19:00:26.984Z] >>> [apiv2][query] GET https://cloudfunctions.googleapis.com/v1/operations/ZmlyZWJhc2Vwcm9qZWN0LTMzNTQxOS91cy1jZW50cmFsMS9hcGkvZDduY0FRT0dYMnc [none]
[debug] [2022-05-05T19:00:27.074Z] <<< [apiv2][status] GET https://cloudfunctions.googleapis.com/v1/operations/ZmlyZWJhc2Vwcm9qZWN0LTMzNTQxOS91cy1jZW50cmFsMS9hcGkvZDduY0FRT0dYMnc 200
[debug] [2022-05-05T19:00:27.075Z] <<< [apiv2][body] GET https://cloudfunctions.googleapis.com/v1/operations/ZmlyZWJhc2Vwcm9qZWN0LTMzNTQxOS91cy1jZW50cmFsMS9hcGkvZDduY0FRT0dYMnc {"name":"operations/ZmlyZWJhc2Vwcm9qZWN0LTMzNTQxOS91cy1jZW50cmFsMS9hcGkvZDduY0FRT0dYMnc","metadata":{"@type":"type.googleapis.com/google.cloud.functions.v1.OperationMetadataV1","target":"projects/firebaseproject-335419/locations/us-central1/functions/api","type":"UPDATE_FUNCTION","request":{"@type":"type.googleapis.com/google.cloud.functions.v1.CloudFunction","name":"projects/firebaseproject-335419/locations/us-central1/functions/api","httpsTrigger":{"url":"https://us-central1-firebaseproject-335419.cloudfunctions.net/api","securityLevel":"SECURE_ALWAYS"},"status":"ACTIVE","entryPoint":"api","timeout":"60s","availableMemoryMb":256,"serviceAccountEmail":"firebaseproject-335419@appspot.gserviceaccount.com","updateTime":"2022-05-05T14:23:52.615Z","versionId":"4","labels":{"deployment-tool":"cli-firebase"},"sourceUploadUrl":"https://storage.googleapis.com/uploads-760359027953.us-central1.cloudfunctions.appspot.com/aed2aedb-e9d9-4f05-b719-6024ae8a54a3.zip?GoogleAccessId=service-951621100892@gcf-admin-robot.iam.gserviceaccount.com&Expires=1651779017&Signature=CEwuzE3aWmebhShbZfpHqHQBoUqpczFGQD7Sau8UVr%2FNlOYH4bd%2F5t5bnRRBwb5CDGPEtNPI20FO8dWIpZtEZV6MckID2%2BH5DCaJvXgbu1GxzN7PyLp75JTI6%2FTdvNxol%2BRtAy7ZbPjAekdkBVTTmgN5U5EqV1RLNDmhY3ZlRwpVp6zR2Z6fDFYxxcVee%2FspcPSUb7bQSnJBYxUGIb4iL%2FyW2GTX%2BSCuROEloXoTZIbfF7i%2F9s%2Fg%2FY4HMVdrcvWW6%2Fpvz3OgkK8VWUnYp0vZzSfFDAD8Hjk5iVDcKyTyN4vhnjQ2Q%2BxaUIrGC2Z7dcTvBEh2yp2jYINhQPQcnJpWxA%3D%3D","environmentVariables":{"FIREBASE_CONFIG":"{\"projectId\":\"firebaseproject-335419\",\"databaseURL\":\"https://firebaseproject-335419-default-rtdb.asia-southeast1.firebasedatabase.app\",\"storageBucket\":\"firebaseproject-335419.appspot.com\",\"locationId\":\"asia-southeast2\"}","GCLOUD_PROJECT":"firebaseproject-335419"},"runtime":"nodejs16","ingressSettings":"ALLOW_ALL","buildId":"7b36549f-e40d-4216-a841-ce32e5193f98","buildName":"projects/951621100892/locations/us-central1/builds/7b36549f-e40d-4216-a841-ce32e5193f98","dockerRegistry":"CONTAINER_REGISTRY"},"versionId":"5","updateTime":"2022-05-05T19:00:24Z","buildId":"9c66b842-dd02-44be-9de9-26bffd5278ed","buildName":"projects/951621100892/locations/us-central1/builds/9c66b842-dd02-44be-9de9-26bffd5278ed"}}
[debug] [2022-05-05T19:00:29.076Z] [update-default-us-central1-api] Retrying task index 0
[debug] [2022-05-05T19:00:29.076Z] >>> [apiv2][query] GET https://cloudfunctions.googleapis.com/v1/operations/ZmlyZWJhc2Vwcm9qZWN0LTMzNTQxOS91cy1jZW50cmFsMS9hcGkvZDduY0FRT0dYMnc [none]
[debug] [2022-05-05T19:00:29.165Z] <<< [apiv2][status] GET https://cloudfunctions.googleapis.com/v1/operations/ZmlyZWJhc2Vwcm9qZWN0LTMzNTQxOS91cy1jZW50cmFsMS9hcGkvZDduY0FRT0dYMnc 200
[debug] [2022-05-05T19:00:29.165Z] <<< [apiv2][body] GET https://cloudfunctions.googleapis.com/v1/operations/ZmlyZWJhc2Vwcm9qZWN0LTMzNTQxOS91cy1jZW50cmFsMS9hcGkvZDduY0FRT0dYMnc {"name":"operations/ZmlyZWJhc2Vwcm9qZWN0LTMzNTQxOS91cy1jZW50cmFsMS9hcGkvZDduY0FRT0dYMnc","metadata":{"@type":"type.googleapis.com/google.cloud.functions.v1.OperationMetadataV1","target":"projects/firebaseproject-335419/locations/us-central1/functions/api","type":"UPDATE_FUNCTION","request":{"@type":"type.googleapis.com/google.cloud.functions.v1.CloudFunction","name":"projects/firebaseproject-335419/locations/us-central1/functions/api","httpsTrigger":{"url":"https://us-central1-firebaseproject-335419.cloudfunctions.net/api","securityLevel":"SECURE_ALWAYS"},"status":"ACTIVE","entryPoint":"api","timeout":"60s","availableMemoryMb":256,"serviceAccountEmail":"firebaseproject-335419@appspot.gserviceaccount.com","updateTime":"2022-05-05T14:23:52.615Z","versionId":"4","labels":{"deployment-tool":"cli-firebase"},"sourceUploadUrl":"https://storage.googleapis.com/uploads-760359027953.us-central1.cloudfunctions.appspot.com/aed2aedb-e9d9-4f05-b719-6024ae8a54a3.zip?GoogleAccessId=service-951621100892@gcf-admin-robot.iam.gserviceaccount.com&Expires=1651779017&Signature=CEwuzE3aWmebhShbZfpHqHQBoUqpczFGQD7Sau8UVr%2FNlOYH4bd%2F5t5bnRRBwb5CDGPEtNPI20FO8dWIpZtEZV6MckID2%2BH5DCaJvXgbu1GxzN7PyLp75JTI6%2FTdvNxol%2BRtAy7ZbPjAekdkBVTTmgN5U5EqV1RLNDmhY3ZlRwpVp6zR2Z6fDFYxxcVee%2FspcPSUb7bQSnJBYxUGIb4iL%2FyW2GTX%2BSCuROEloXoTZIbfF7i%2F9s%2Fg%2FY4HMVdrcvWW6%2Fpvz3OgkK8VWUnYp0vZzSfFDAD8Hjk5iVDcKyTyN4vhnjQ2Q%2BxaUIrGC2Z7dcTvBEh2yp2jYINhQPQcnJpWxA%3D%3D","environmentVariables":{"FIREBASE_CONFIG":"{\"projectId\":\"firebaseproject-335419\",\"databaseURL\":\"https://firebaseproject-335419-default-rtdb.asia-southeast1.firebasedatabase.app\",\"storageBucket\":\"firebaseproject-335419.appspot.com\",\"locationId\":\"asia-southeast2\"}","GCLOUD_PROJECT":"firebaseproject-335419"},"runtime":"nodejs16","ingressSettings":"ALLOW_ALL","buildId":"7b36549f-e40d-4216-a841-ce32e5193f98","buildName":"projects/951621100892/locations/us-central1/builds/7b36549f-e40d-4216-a841-ce32e5193f98","dockerRegistry":"CONTAINER_REGISTRY"},"versionId":"5","updateTime":"2022-05-05T19:00:24Z","buildId":"9c66b842-dd02-44be-9de9-26bffd5278ed","buildName":"projects/951621100892/locations/us-central1/builds/9c66b842-dd02-44be-9de9-26bffd5278ed"}}
[debug] [2022-05-05T19:00:33.166Z] [update-default-us-central1-api] Retrying task index 0
[debug] [2022-05-05T19:00:33.166Z] >>> [apiv2][query] GET https://cloudfunctions.googleapis.com/v1/operations/ZmlyZWJhc2Vwcm9qZWN0LTMzNTQxOS91cy1jZW50cmFsMS9hcGkvZDduY0FRT0dYMnc [none]
[debug] [2022-05-05T19:00:33.271Z] <<< [apiv2][status] GET https://cloudfunctions.googleapis.com/v1/operations/ZmlyZWJhc2Vwcm9qZWN0LTMzNTQxOS91cy1jZW50cmFsMS9hcGkvZDduY0FRT0dYMnc 200
[debug] [2022-05-05T19:00:33.271Z] <<< [apiv2][body] GET https://cloudfunctions.googleapis.com/v1/operations/ZmlyZWJhc2Vwcm9qZWN0LTMzNTQxOS91cy1jZW50cmFsMS9hcGkvZDduY0FRT0dYMnc {"name":"operations/ZmlyZWJhc2Vwcm9qZWN0LTMzNTQxOS91cy1jZW50cmFsMS9hcGkvZDduY0FRT0dYMnc","metadata":{"@type":"type.googleapis.com/google.cloud.functions.v1.OperationMetadataV1","target":"projects/firebaseproject-335419/locations/us-central1/functions/api","type":"UPDATE_FUNCTION","request":{"@type":"type.googleapis.com/google.cloud.functions.v1.CloudFunction","name":"projects/firebaseproject-335419/locations/us-central1/functions/api","httpsTrigger":{"url":"https://us-central1-firebaseproject-335419.cloudfunctions.net/api","securityLevel":"SECURE_ALWAYS"},"status":"ACTIVE","entryPoint":"api","timeout":"60s","availableMemoryMb":256,"serviceAccountEmail":"firebaseproject-335419@appspot.gserviceaccount.com","updateTime":"2022-05-05T14:23:52.615Z","versionId":"4","labels":{"deployment-tool":"cli-firebase"},"sourceUploadUrl":"https://storage.googleapis.com/uploads-760359027953.us-central1.cloudfunctions.appspot.com/aed2aedb-e9d9-4f05-b719-6024ae8a54a3.zip?GoogleAccessId=service-951621100892@gcf-admin-robot.iam.gserviceaccount.com&Expires=1651779017&Signature=CEwuzE3aWmebhShbZfpHqHQBoUqpczFGQD7Sau8UVr%2FNlOYH4bd%2F5t5bnRRBwb5CDGPEtNPI20FO8dWIpZtEZV6MckID2%2BH5DCaJvXgbu1GxzN7PyLp75JTI6%2FTdvNxol%2BRtAy7ZbPjAekdkBVTTmgN5U5EqV1RLNDmhY3ZlRwpVp6zR2Z6fDFYxxcVee%2FspcPSUb7bQSnJBYxUGIb4iL%2FyW2GTX%2BSCuROEloXoTZIbfF7i%2F9s%2Fg%2FY4HMVdrcvWW6%2Fpvz3OgkK8VWUnYp0vZzSfFDAD8Hjk5iVDcKyTyN4vhnjQ2Q%2BxaUIrGC2Z7dcTvBEh2yp2jYINhQPQcnJpWxA%3D%3D","environmentVariables":{"FIREBASE_CONFIG":"{\"projectId\":\"firebaseproject-335419\",\"databaseURL\":\"https://firebaseproject-335419-default-rtdb.asia-southeast1.firebasedatabase.app\",\"storageBucket\":\"firebaseproject-335419.appspot.com\",\"locationId\":\"asia-southeast2\"}","GCLOUD_PROJECT":"firebaseproject-335419"},"runtime":"nodejs16","ingressSettings":"ALLOW_ALL","buildId":"7b36549f-e40d-4216-a841-ce32e5193f98","buildName":"projects/951621100892/locations/us-central1/builds/7b36549f-e40d-4216-a841-ce32e5193f98","dockerRegistry":"CONTAINER_REGISTRY"},"versionId":"5","updateTime":"2022-05-05T19:00:24Z","buildId":"9c66b842-dd02-44be-9de9-26bffd5278ed","buildName":"projects/951621100892/locations/us-central1/builds/9c66b842-dd02-44be-9de9-26bffd5278ed"}}
[debug] [2022-05-05T19:00:41.272Z] [update-default-us-central1-api] Retrying task index 0
[debug] [2022-05-05T19:00:41.273Z] >>> [apiv2][query] GET https://cloudfunctions.googleapis.com/v1/operations/ZmlyZWJhc2Vwcm9qZWN0LTMzNTQxOS91cy1jZW50cmFsMS9hcGkvZDduY0FRT0dYMnc [none]
[debug] [2022-05-05T19:00:41.365Z] <<< [apiv2][status] GET https://cloudfunctions.googleapis.com/v1/operations/ZmlyZWJhc2Vwcm9qZWN0LTMzNTQxOS91cy1jZW50cmFsMS9hcGkvZDduY0FRT0dYMnc 200
[debug] [2022-05-05T19:00:41.365Z] <<< [apiv2][body] GET https://cloudfunctions.googleapis.com/v1/operations/ZmlyZWJhc2Vwcm9qZWN0LTMzNTQxOS91cy1jZW50cmFsMS9hcGkvZDduY0FRT0dYMnc {"name":"operations/ZmlyZWJhc2Vwcm9qZWN0LTMzNTQxOS91cy1jZW50cmFsMS9hcGkvZDduY0FRT0dYMnc","metadata":{"@type":"type.googleapis.com/google.cloud.functions.v1.OperationMetadataV1","target":"projects/firebaseproject-335419/locations/us-central1/functions/api","type":"UPDATE_FUNCTION","request":{"@type":"type.googleapis.com/google.cloud.functions.v1.CloudFunction","name":"projects/firebaseproject-335419/locations/us-central1/functions/api","httpsTrigger":{"url":"https://us-central1-firebaseproject-335419.cloudfunctions.net/api","securityLevel":"SECURE_ALWAYS"},"status":"ACTIVE","entryPoint":"api","timeout":"60s","availableMemoryMb":256,"serviceAccountEmail":"firebaseproject-335419@appspot.gserviceaccount.com","updateTime":"2022-05-05T14:23:52.615Z","versionId":"4","labels":{"deployment-tool":"cli-firebase"},"sourceUploadUrl":"https://storage.googleapis.com/uploads-760359027953.us-central1.cloudfunctions.appspot.com/aed2aedb-e9d9-4f05-b719-6024ae8a54a3.zip?GoogleAccessId=service-951621100892@gcf-admin-robot.iam.gserviceaccount.com&Expires=1651779017&Signature=CEwuzE3aWmebhShbZfpHqHQBoUqpczFGQD7Sau8UVr%2FNlOYH4bd%2F5t5bnRRBwb5CDGPEtNPI20FO8dWIpZtEZV6MckID2%2BH5DCaJvXgbu1GxzN7PyLp75JTI6%2FTdvNxol%2BRtAy7ZbPjAekdkBVTTmgN5U5EqV1RLNDmhY3ZlRwpVp6zR2Z6fDFYxxcVee%2FspcPSUb7bQSnJBYxUGIb4iL%2FyW2GTX%2BSCuROEloXoTZIbfF7i%2F9s%2Fg%2FY4HMVdrcvWW6%2Fpvz3OgkK8VWUnYp0vZzSfFDAD8Hjk5iVDcKyTyN4vhnjQ2Q%2BxaUIrGC2Z7dcTvBEh2yp2jYINhQPQcnJpWxA%3D%3D","environmentVariables":{"FIREBASE_CONFIG":"{\"projectId\":\"firebaseproject-335419\",\"databaseURL\":\"https://firebaseproject-335419-default-rtdb.asia-southeast1.firebasedatabase.app\",\"storageBucket\":\"firebaseproject-335419.appspot.com\",\"locationId\":\"asia-southeast2\"}","GCLOUD_PROJECT":"firebaseproject-335419"},"runtime":"nodejs16","ingressSettings":"ALLOW_ALL","buildId":"7b36549f-e40d-4216-a841-ce32e5193f98","buildName":"projects/951621100892/locations/us-central1/builds/7b36549f-e40d-4216-a841-ce32e5193f98","dockerRegistry":"CONTAINER_REGISTRY"},"versionId":"5","updateTime":"2022-05-05T19:00:24Z","buildId":"9c66b842-dd02-44be-9de9-26bffd5278ed","buildName":"projects/951621100892/locations/us-central1/builds/9c66b842-dd02-44be-9de9-26bffd5278ed"}}
[debug] [2022-05-05T19:00:51.366Z] [update-default-us-central1-api] Retrying task index 0
[debug] [2022-05-05T19:00:51.366Z] >>> [apiv2][query] GET https://cloudfunctions.googleapis.com/v1/operations/ZmlyZWJhc2Vwcm9qZWN0LTMzNTQxOS91cy1jZW50cmFsMS9hcGkvZDduY0FRT0dYMnc [none]
[debug] [2022-05-05T19:00:51.471Z] <<< [apiv2][status] GET https://cloudfunctions.googleapis.com/v1/operations/ZmlyZWJhc2Vwcm9qZWN0LTMzNTQxOS91cy1jZW50cmFsMS9hcGkvZDduY0FRT0dYMnc 200
[debug] [2022-05-05T19:00:51.472Z] <<< [apiv2][body] GET https://cloudfunctions.googleapis.com/v1/operations/ZmlyZWJhc2Vwcm9qZWN0LTMzNTQxOS91cy1jZW50cmFsMS9hcGkvZDduY0FRT0dYMnc {"name":"operations/ZmlyZWJhc2Vwcm9qZWN0LTMzNTQxOS91cy1jZW50cmFsMS9hcGkvZDduY0FRT0dYMnc","metadata":{"@type":"type.googleapis.com/google.cloud.functions.v1.OperationMetadataV1","target":"projects/firebaseproject-335419/locations/us-central1/functions/api","type":"UPDATE_FUNCTION","request":{"@type":"type.googleapis.com/google.cloud.functions.v1.CloudFunction","name":"projects/firebaseproject-335419/locations/us-central1/functions/api","httpsTrigger":{"url":"https://us-central1-firebaseproject-335419.cloudfunctions.net/api","securityLevel":"SECURE_ALWAYS"},"status":"ACTIVE","entryPoint":"api","timeout":"60s","availableMemoryMb":256,"serviceAccountEmail":"firebaseproject-335419@appspot.gserviceaccount.com","updateTime":"2022-05-05T14:23:52.615Z","versionId":"4","labels":{"deployment-tool":"cli-firebase"},"sourceUploadUrl":"https://storage.googleapis.com/uploads-760359027953.us-central1.cloudfunctions.appspot.com/aed2aedb-e9d9-4f05-b719-6024ae8a54a3.zip?GoogleAccessId=service-951621100892@gcf-admin-robot.iam.gserviceaccount.com&Expires=1651779017&Signature=CEwuzE3aWmebhShbZfpHqHQBoUqpczFGQD7Sau8UVr%2FNlOYH4bd%2F5t5bnRRBwb5CDGPEtNPI20FO8dWIpZtEZV6MckID2%2BH5DCaJvXgbu1GxzN7PyLp75JTI6%2FTdvNxol%2BRtAy7ZbPjAekdkBVTTmgN5U5EqV1RLNDmhY3ZlRwpVp6zR2Z6fDFYxxcVee%2FspcPSUb7bQSnJBYxUGIb4iL%2FyW2GTX%2BSCuROEloXoTZIbfF7i%2F9s%2Fg%2FY4HMVdrcvWW6%2Fpvz3OgkK8VWUnYp0vZzSfFDAD8Hjk5iVDcKyTyN4vhnjQ2Q%2BxaUIrGC2Z7dcTvBEh2yp2jYINhQPQcnJpWxA%3D%3D","environmentVariables":{"FIREBASE_CONFIG":"{\"projectId\":\"firebaseproject-335419\",\"databaseURL\":\"https://firebaseproject-335419-default-rtdb.asia-southeast1.firebasedatabase.app\",\"storageBucket\":\"firebaseproject-335419.appspot.com\",\"locationId\":\"asia-southeast2\"}","GCLOUD_PROJECT":"firebaseproject-335419"},"runtime":"nodejs16","ingressSettings":"ALLOW_ALL","buildId":"7b36549f-e40d-4216-a841-ce32e5193f98","buildName":"projects/951621100892/locations/us-central1/builds/7b36549f-e40d-4216-a841-ce32e5193f98","dockerRegistry":"CONTAINER_REGISTRY"},"versionId":"5","updateTime":"2022-05-05T19:00:24Z","buildId":"9c66b842-dd02-44be-9de9-26bffd5278ed","buildName":"projects/951621100892/locations/us-central1/builds/9c66b842-dd02-44be-9de9-26bffd5278ed"}}
[debug] [2022-05-05T19:01:01.593Z] [update-default-us-central1-api] Retrying task index 0
[debug] [2022-05-05T19:01:01.594Z] >>> [apiv2][query] GET https://cloudfunctions.googleapis.com/v1/operations/ZmlyZWJhc2Vwcm9qZWN0LTMzNTQxOS91cy1jZW50cmFsMS9hcGkvZDduY0FRT0dYMnc [none]
[debug] [2022-05-05T19:01:01.701Z] <<< [apiv2][status] GET https://cloudfunctions.googleapis.com/v1/operations/ZmlyZWJhc2Vwcm9qZWN0LTMzNTQxOS91cy1jZW50cmFsMS9hcGkvZDduY0FRT0dYMnc 200
[debug] [2022-05-05T19:01:01.701Z] <<< [apiv2][body] GET https://cloudfunctions.googleapis.com/v1/operations/ZmlyZWJhc2Vwcm9qZWN0LTMzNTQxOS91cy1jZW50cmFsMS9hcGkvZDduY0FRT0dYMnc {"name":"operations/ZmlyZWJhc2Vwcm9qZWN0LTMzNTQxOS91cy1jZW50cmFsMS9hcGkvZDduY0FRT0dYMnc","metadata":{"@type":"type.googleapis.com/google.cloud.functions.v1.OperationMetadataV1","target":"projects/firebaseproject-335419/locations/us-central1/functions/api","type":"UPDATE_FUNCTION","request":{"@type":"type.googleapis.com/google.cloud.functions.v1.CloudFunction","name":"projects/firebaseproject-335419/locations/us-central1/functions/api","httpsTrigger":{"url":"https://us-central1-firebaseproject-335419.cloudfunctions.net/api","securityLevel":"SECURE_ALWAYS"},"status":"ACTIVE","entryPoint":"api","timeout":"60s","availableMemoryMb":256,"serviceAccountEmail":"firebaseproject-335419@appspot.gserviceaccount.com","updateTime":"2022-05-05T14:23:52.615Z","versionId":"4","labels":{"deployment-tool":"cli-firebase"},"sourceUploadUrl":"https://storage.googleapis.com/uploads-760359027953.us-central1.cloudfunctions.appspot.com/aed2aedb-e9d9-4f05-b719-6024ae8a54a3.zip?GoogleAccessId=service-951621100892@gcf-admin-robot.iam.gserviceaccount.com&Expires=1651779017&Signature=CEwuzE3aWmebhShbZfpHqHQBoUqpczFGQD7Sau8UVr%2FNlOYH4bd%2F5t5bnRRBwb5CDGPEtNPI20FO8dWIpZtEZV6MckID2%2BH5DCaJvXgbu1GxzN7PyLp75JTI6%2FTdvNxol%2BRtAy7ZbPjAekdkBVTTmgN5U5EqV1RLNDmhY3ZlRwpVp6zR2Z6fDFYxxcVee%2FspcPSUb7bQSnJBYxUGIb4iL%2FyW2GTX%2BSCuROEloXoTZIbfF7i%2F9s%2Fg%2FY4HMVdrcvWW6%2Fpvz3OgkK8VWUnYp0vZzSfFDAD8Hjk5iVDcKyTyN4vhnjQ2Q%2BxaUIrGC2Z7dcTvBEh2yp2jYINhQPQcnJpWxA%3D%3D","environmentVariables":{"FIREBASE_CONFIG":"{\"projectId\":\"firebaseproject-335419\",\"databaseURL\":\"https://firebaseproject-335419-default-rtdb.asia-southeast1.firebasedatabase.app\",\"storageBucket\":\"firebaseproject-335419.appspot.com\",\"locationId\":\"asia-southeast2\"}","GCLOUD_PROJECT":"firebaseproject-335419"},"runtime":"nodejs16","ingressSettings":"ALLOW_ALL","buildId":"7b36549f-e40d-4216-a841-ce32e5193f98","buildName":"projects/951621100892/locations/us-central1/builds/7b36549f-e40d-4216-a841-ce32e5193f98","dockerRegistry":"CONTAINER_REGISTRY"},"versionId":"5","updateTime":"2022-05-05T19:00:24Z","buildId":"9c66b842-dd02-44be-9de9-26bffd5278ed","buildName":"projects/951621100892/locations/us-central1/builds/9c66b842-dd02-44be-9de9-26bffd5278ed"}}
[debug] [2022-05-05T19:01:11.703Z] [update-default-us-central1-api] Retrying task index 0
[debug] [2022-05-05T19:01:11.704Z] >>> [apiv2][query] GET https://cloudfunctions.googleapis.com/v1/operations/ZmlyZWJhc2Vwcm9qZWN0LTMzNTQxOS91cy1jZW50cmFsMS9hcGkvZDduY0FRT0dYMnc [none]
[debug] [2022-05-05T19:01:11.826Z] <<< [apiv2][status] GET https://cloudfunctions.googleapis.com/v1/operations/ZmlyZWJhc2Vwcm9qZWN0LTMzNTQxOS91cy1jZW50cmFsMS9hcGkvZDduY0FRT0dYMnc 200
[debug] [2022-05-05T19:01:11.826Z] <<< [apiv2][body] GET https://cloudfunctions.googleapis.com/v1/operations/ZmlyZWJhc2Vwcm9qZWN0LTMzNTQxOS91cy1jZW50cmFsMS9hcGkvZDduY0FRT0dYMnc {"name":"operations/ZmlyZWJhc2Vwcm9qZWN0LTMzNTQxOS91cy1jZW50cmFsMS9hcGkvZDduY0FRT0dYMnc","metadata":{"@type":"type.googleapis.com/google.cloud.functions.v1.OperationMetadataV1","target":"projects/firebaseproject-335419/locations/us-central1/functions/api","type":"UPDATE_FUNCTION","request":{"@type":"type.googleapis.com/google.cloud.functions.v1.CloudFunction","name":"projects/firebaseproject-335419/locations/us-central1/functions/api","httpsTrigger":{"url":"https://us-central1-firebaseproject-335419.cloudfunctions.net/api","securityLevel":"SECURE_ALWAYS"},"status":"ACTIVE","entryPoint":"api","timeout":"60s","availableMemoryMb":256,"serviceAccountEmail":"firebaseproject-335419@appspot.gserviceaccount.com","updateTime":"2022-05-05T14:23:52.615Z","versionId":"4","labels":{"deployment-tool":"cli-firebase"},"sourceUploadUrl":"https://storage.googleapis.com/uploads-760359027953.us-central1.cloudfunctions.appspot.com/aed2aedb-e9d9-4f05-b719-6024ae8a54a3.zip?GoogleAccessId=service-951621100892@gcf-admin-robot.iam.gserviceaccount.com&Expires=1651779017&Signature=CEwuzE3aWmebhShbZfpHqHQBoUqpczFGQD7Sau8UVr%2FNlOYH4bd%2F5t5bnRRBwb5CDGPEtNPI20FO8dWIpZtEZV6MckID2%2BH5DCaJvXgbu1GxzN7PyLp75JTI6%2FTdvNxol%2BRtAy7ZbPjAekdkBVTTmgN5U5EqV1RLNDmhY3ZlRwpVp6zR2Z6fDFYxxcVee%2FspcPSUb7bQSnJBYxUGIb4iL%2FyW2GTX%2BSCuROEloXoTZIbfF7i%2F9s%2Fg%2FY4HMVdrcvWW6%2Fpvz3OgkK8VWUnYp0vZzSfFDAD8Hjk5iVDcKyTyN4vhnjQ2Q%2BxaUIrGC2Z7dcTvBEh2yp2jYINhQPQcnJpWxA%3D%3D","environmentVariables":{"FIREBASE_CONFIG":"{\"projectId\":\"firebaseproject-335419\",\"databaseURL\":\"https://firebaseproject-335419-default-rtdb.asia-southeast1.firebasedatabase.app\",\"storageBucket\":\"firebaseproject-335419.appspot.com\",\"locationId\":\"asia-southeast2\"}","GCLOUD_PROJECT":"firebaseproject-335419"},"runtime":"nodejs16","ingressSettings":"ALLOW_ALL","buildId":"7b36549f-e40d-4216-a841-ce32e5193f98","buildName":"projects/951621100892/locations/us-central1/builds/7b36549f-e40d-4216-a841-ce32e5193f98","dockerRegistry":"CONTAINER_REGISTRY"},"versionId":"5","updateTime":"2022-05-05T19:00:24Z","buildId":"9c66b842-dd02-44be-9de9-26bffd5278ed","buildName":"projects/951621100892/locations/us-central1/builds/9c66b842-dd02-44be-9de9-26bffd5278ed"}}
[debug] [2022-05-05T19:01:21.826Z] [update-default-us-central1-api] Retrying task index 0
[debug] [2022-05-05T19:01:21.827Z] >>> [apiv2][query] GET https://cloudfunctions.googleapis.com/v1/operations/ZmlyZWJhc2Vwcm9qZWN0LTMzNTQxOS91cy1jZW50cmFsMS9hcGkvZDduY0FRT0dYMnc [none]
[debug] [2022-05-05T19:01:21.933Z] <<< [apiv2][status] GET https://cloudfunctions.googleapis.com/v1/operations/ZmlyZWJhc2Vwcm9qZWN0LTMzNTQxOS91cy1jZW50cmFsMS9hcGkvZDduY0FRT0dYMnc 200
[debug] [2022-05-05T19:01:21.936Z] <<< [apiv2][body] GET https://cloudfunctions.googleapis.com/v1/operations/ZmlyZWJhc2Vwcm9qZWN0LTMzNTQxOS91cy1jZW50cmFsMS9hcGkvZDduY0FRT0dYMnc {"name":"operations/ZmlyZWJhc2Vwcm9qZWN0LTMzNTQxOS91cy1jZW50cmFsMS9hcGkvZDduY0FRT0dYMnc","metadata":{"@type":"type.googleapis.com/google.cloud.functions.v1.OperationMetadataV1","target":"projects/firebaseproject-335419/locations/us-central1/functions/api","type":"UPDATE_FUNCTION","request":{"@type":"type.googleapis.com/google.cloud.functions.v1.CloudFunction","name":"projects/firebaseproject-335419/locations/us-central1/functions/api","httpsTrigger":{"url":"https://us-central1-firebaseproject-335419.cloudfunctions.net/api","securityLevel":"SECURE_ALWAYS"},"status":"ACTIVE","entryPoint":"api","timeout":"60s","availableMemoryMb":256,"serviceAccountEmail":"firebaseproject-335419@appspot.gserviceaccount.com","updateTime":"2022-05-05T14:23:52.615Z","versionId":"4","labels":{"deployment-tool":"cli-firebase"},"sourceUploadUrl":"https://storage.googleapis.com/uploads-760359027953.us-central1.cloudfunctions.appspot.com/aed2aedb-e9d9-4f05-b719-6024ae8a54a3.zip?GoogleAccessId=service-951621100892@gcf-admin-robot.iam.gserviceaccount.com&Expires=1651779017&Signature=CEwuzE3aWmebhShbZfpHqHQBoUqpczFGQD7Sau8UVr%2FNlOYH4bd%2F5t5bnRRBwb5CDGPEtNPI20FO8dWIpZtEZV6MckID2%2BH5DCaJvXgbu1GxzN7PyLp75JTI6%2FTdvNxol%2BRtAy7ZbPjAekdkBVTTmgN5U5EqV1RLNDmhY3ZlRwpVp6zR2Z6fDFYxxcVee%2FspcPSUb7bQSnJBYxUGIb4iL%2FyW2GTX%2BSCuROEloXoTZIbfF7i%2F9s%2Fg%2FY4HMVdrcvWW6%2Fpvz3OgkK8VWUnYp0vZzSfFDAD8Hjk5iVDcKyTyN4vhnjQ2Q%2BxaUIrGC2Z7dcTvBEh2yp2jYINhQPQcnJpWxA%3D%3D","environmentVariables":{"FIREBASE_CONFIG":"{\"projectId\":\"firebaseproject-335419\",\"databaseURL\":\"https://firebaseproject-335419-default-rtdb.asia-southeast1.firebasedatabase.app\",\"storageBucket\":\"firebaseproject-335419.appspot.com\",\"locationId\":\"asia-southeast2\"}","GCLOUD_PROJECT":"firebaseproject-335419"},"runtime":"nodejs16","ingressSettings":"ALLOW_ALL","buildId":"7b36549f-e40d-4216-a841-ce32e5193f98","buildName":"projects/951621100892/locations/us-central1/builds/7b36549f-e40d-4216-a841-ce32e5193f98","dockerRegistry":"CONTAINER_REGISTRY"},"versionId":"5","updateTime":"2022-05-05T19:00:24Z","buildId":"9c66b842-dd02-44be-9de9-26bffd5278ed","buildName":"projects/951621100892/locations/us-central1/builds/9c66b842-dd02-44be-9de9-26bffd5278ed"}}
